<?xml version="1.0" encoding="UTF-8"?>
<!-- Generated by org.testng.reporters.JUnitReportReporter -->
<testsuite hostname="LAPTOP-RORK2UUF" failures="0" tests="1" name="testcases.CheckoutPageTest" time="23.017" errors="0" timestamp="2024-12-17T23:25:32 IST" skipped="0">
  <testcase classname="testcases.CheckoutPageTest" name="verifyFinishButtonTest" time="23.017"/>
  <system-out/>
</testsuite> <!-- testcases.CheckoutPageTest -->
