<?xml version="1.0" encoding="UTF-8"?>
<!-- Generated by org.testng.reporters.JUnitReportReporter -->
<testsuite hostname="LAPTOP-RORK2UUF" failures="1" tests="25" name="testcases.InventoryPageTest" time="265.231" errors="0" timestamp="2024-12-19T23:16:55 IST" skipped="12">
  <testcase classname="testcases.InventoryPageTest" name="verifyFleeceJacketThumbnailImgTest" time="19.768"/>
  <system-out/>
  <testcase classname="testcases.InventoryPageTest" name="verifyAboutMenuLinkTest" time="32.739"/>
  <system-out/>
  <testcase classname="testcases.InventoryPageTest" name="verifyBikeLightLinkTest" time="18.451"/>
  <system-out/>
  <testcase classname="testcases.InventoryPageTest" name="verifyDropdownTest" time="25.747"/>
  <system-out/>
  <testcase classname="testcases.InventoryPageTest" name="verifyMenuCrossButtonTest" time="20.803"/>
  <system-out/>
  <testcase classname="testcases.InventoryPageTest" name="verifyBackpackLinkTest" time="19.752"/>
  <system-out/>
  <testcase classname="testcases.InventoryPageTest" name="verifyFleeceJacketTest" time="17.140"/>
  <system-out/>
  <testcase classname="testcases.InventoryPageTest" name="verifyTwitterLogoTest" time="17.421"/>
  <system-out/>
  <testcase classname="testcases.InventoryPageTest" name="verifyBoltTshirtLinkTest" time="16.543"/>
  <system-out/>
  <testcase classname="testcases.InventoryPageTest" name="verifyBackPackTextTest" time="17.472"/>
  <system-out/>
  <testcase classname="testcases.InventoryPageTest" name="verifyBackPackThumbnailImgTest" time="18.647"/>
  <system-out/>
  <testcase classname="testcases.InventoryPageTest" name="verifylogoutLinkTest" time="19.053"/>
  <system-out/>
  <testcase classname="testcases.InventoryPageTest" name="verifyResetAppStateTest" time="21.695">
    <failure message="Testcase failed as remove button is still displayed expected [true] but found [false]" type="java.lang.AssertionError">
      <![CDATA[java.lang.AssertionError: Testcase failed as remove button is still displayed expected [true] but found [false]
at org.testng.Assert.fail(Assert.java:110)
at org.testng.Assert.failNotEquals(Assert.java:1577)
at org.testng.Assert.assertEqualsImpl(Assert.java:149)
at org.testng.Assert.assertEquals(Assert.java:131)
at org.testng.Assert.assertEquals(Assert.java:1066)
at org.testng.Assert.assertEquals(Assert.java:1054)
at testcases.InventoryPageTest.verifyResetAppStateTest(InventoryPageTest.java:197)
at java.base/jdk.internal.reflect.NativeMethodAccessorImpl.invoke0(Native Method)
at java.base/jdk.internal.reflect.NativeMethodAccessorImpl.invoke(NativeMethodAccessorImpl.java:77)
at java.base/jdk.internal.reflect.DelegatingMethodAccessorImpl.invoke(DelegatingMethodAccessorImpl.java:43)
at java.base/java.lang.reflect.Method.invoke(Method.java:568)
at org.testng.internal.invokers.MethodInvocationHelper.invokeMethod(MethodInvocationHelper.java:139)
at org.testng.internal.invokers.TestInvoker.invokeMethod(TestInvoker.java:677)
at org.testng.internal.invokers.TestInvoker.invokeTestMethod(TestInvoker.java:221)
at org.testng.internal.invokers.MethodRunner.runInSequence(MethodRunner.java:50)
at org.testng.internal.invokers.TestInvoker$MethodInvocationAgent.invoke(TestInvoker.java:969)
at org.testng.internal.invokers.TestInvoker.invokeTestMethods(TestInvoker.java:194)
at org.testng.internal.invokers.TestMethodWorker.invokeTestMethods(TestMethodWorker.java:148)
at org.testng.internal.invokers.TestMethodWorker.run(TestMethodWorker.java:128)
at java.base/java.util.ArrayList.forEach(ArrayList.java:1511)
at org.testng.TestRunner.privateRun(TestRunner.java:829)
at org.testng.TestRunner.run(TestRunner.java:602)
at org.testng.SuiteRunner.runTest(SuiteRunner.java:437)
at org.testng.SuiteRunner.runSequentially(SuiteRunner.java:431)
at org.testng.SuiteRunner.privateRun(SuiteRunner.java:391)
at org.testng.SuiteRunner.run(SuiteRunner.java:330)
at org.testng.SuiteRunnerWorker.runSuite(SuiteRunnerWorker.java:52)
at org.testng.SuiteRunnerWorker.run(SuiteRunnerWorker.java:95)
at org.testng.TestNG.runSuitesSequentially(TestNG.java:1256)
at org.testng.TestNG.runSuitesLocally(TestNG.java:1176)
at org.testng.TestNG.runSuites(TestNG.java:1099)
at org.testng.TestNG.run(TestNG.java:1067)
at org.testng.remote.AbstractRemoteTestNG.run(AbstractRemoteTestNG.java:115)
at org.testng.remote.RemoteTestNG.initAndRun(RemoteTestNG.java:251)
at org.testng.remote.RemoteTestNG.main(RemoteTestNG.java:77)
]]>
    </failure>
  </testcase> <!-- verifyResetAppStateTest -->
  <system-out/>
  <testcase classname="testcases.InventoryPageTest" name="verifyLinkedInLogoTest">
    <skipped/>
  </testcase> <!-- verifyLinkedInLogoTest -->
  <system-out/>
  <testcase classname="testcases.InventoryPageTest" name="verifyMouseMovementTest">
    <skipped/>
  </testcase> <!-- verifyMouseMovementTest -->
  <system-out/>
  <testcase classname="testcases.InventoryPageTest" name="verifyFacebookLogoTest">
    <skipped/>
  </testcase> <!-- verifyFacebookLogoTest -->
  <system-out/>
  <testcase classname="testcases.InventoryPageTest" name="verifyBikeLightThumbnailImgTest">
    <skipped/>
  </testcase> <!-- verifyBikeLightThumbnailImgTest -->
  <system-out/>
  <testcase classname="testcases.InventoryPageTest" name="verifyFleeceJacketTextTest">
    <skipped/>
  </testcase> <!-- verifyFleeceJacketTextTest -->
  <system-out/>
  <testcase classname="testcases.InventoryPageTest" name="verifyFleeceJacketPriceTest">
    <skipped/>
  </testcase> <!-- verifyFleeceJacketPriceTest -->
  <system-out/>
  <testcase classname="testcases.InventoryPageTest" name="verifyBikeLightTextTest">
    <skipped/>
  </testcase> <!-- verifyBikeLightTextTest -->
  <system-out/>
  <testcase classname="testcases.InventoryPageTest" name="verifyBoltTshirtThumbnailImgTest">
    <skipped/>
  </testcase> <!-- verifyBoltTshirtThumbnailImgTest -->
  <system-out/>
  <testcase classname="testcases.InventoryPageTest" name="verifyFooterText">
    <skipped/>
  </testcase> <!-- verifyFooterText -->
  <system-out/>
  <testcase classname="testcases.InventoryPageTest" name="verifyBoltTshirtPriceTest">
    <skipped/>
  </testcase> <!-- verifyBoltTshirtPriceTest -->
  <system-out/>
  <testcase classname="testcases.InventoryPageTest" name="verifyBoltTshirtTextTest">
    <skipped/>
  </testcase> <!-- verifyBoltTshirtTextTest -->
  <system-out/>
  <testcase classname="testcases.InventoryPageTest" name="verifyBikeLightPriceTest">
    <skipped/>
  </testcase> <!-- verifyBikeLightPriceTest -->
  <system-out/>
</testsuite> <!-- testcases.InventoryPageTest -->
