<?xml version="1.0" encoding="UTF-8"?>
<!-- Generated by org.testng.reporters.JUnitReportReporter -->
<testsuite hostname="LAPTOP-RORK2UUF" failures="0" tests="2" name="testcases.InventoryPageTest" time="10.872" errors="0" timestamp="2024-08-25T11:20:30 IST" skipped="1">
  <testcase classname="testcases.InventoryPageTest" name="verifyMenuCrossButtonTest" time="10.872"/>
  <system-out/>
  <testcase classname="testcases.InventoryPageTest" name="verifyMouseMovementTest">
    <skipped/>
  </testcase> <!-- verifyMouseMovementTest -->
  <system-out/>
</testsuite> <!-- testcases.InventoryPageTest -->
