<?xml version="1.0" encoding="UTF-8"?>
<!-- Generated by org.testng.reporters.JUnitReportReporter -->
<testsuite hostname="LAPTOP-RORK2UUF" failures="0" tests="1" name="testcases.CartPageTest" time="45.217" errors="0" timestamp="2024-11-25T22:30:24 IST" skipped="0">
  <testcase classname="testcases.CartPageTest" name="verifyOrderPriceTest" time="45.217"/>
  <system-out/>
</testsuite> <!-- testcases.CartPageTest -->
