<?xml version="1.0" encoding="UTF-8"?>
<!-- Generated by org.testng.reporters.JUnitReportReporter -->
<testsuite hostname="LAPTOP-RORK2UUF" failures="0" tests="6" name="testcases.CheckoutPageTest" time="98.617" errors="0" timestamp="2024-11-27T23:41:26 IST" skipped="0">
  <testcase classname="testcases.CheckoutPageTest" name="verifyEnterLastnameTest" time="14.719"/>
  <system-out/>
  <testcase classname="testcases.CheckoutPageTest" name="verifyFinishButtonTest" time="15.898"/>
  <system-out/>
  <testcase classname="testcases.CheckoutPageTest" name="verifyEnterFirstnameTest" time="13.805"/>
  <system-out/>
  <testcase classname="testcases.CheckoutPageTest" name="verifyTotalPriceTest" time="22.610"/>
  <system-out/>
  <testcase classname="testcases.CheckoutPageTest" name="verifyCancelBtnTest" time="15.261"/>
  <system-out/>
  <testcase classname="testcases.CheckoutPageTest" name="verifyErrorMessageTest" time="16.324"/>
  <system-out/>
</testsuite> <!-- testcases.CheckoutPageTest -->
