<?xml version="1.0" encoding="UTF-8"?>
<!-- Generated by org.testng.reporters.JUnitReportReporter -->
<testsuite hostname="LAPTOP-RORK2UUF" failures="0" tests="4" name="testcases.CartPageTest" time="76.087" errors="0" timestamp="2024-12-19T23:16:55 IST" skipped="0">
  <testcase classname="testcases.CartPageTest" name="verifyBikeLightLink" time="18.455"/>
  <system-out/>
  <testcase classname="testcases.CartPageTest" name="verifyBackpacklinkTest" time="19.263"/>
  <system-out/>
  <testcase classname="testcases.CartPageTest" name="verifyOrderPriceTest" time="20.310"/>
  <system-out/>
  <testcase classname="testcases.CartPageTest" name="verifyContinueShoppingBtnTest" time="18.059"/>
  <system-out/>
</testsuite> <!-- testcases.CartPageTest -->
