<?xml version="1.0" encoding="UTF-8"?>
<!-- Generated by org.testng.reporters.JUnitReportReporter -->
<testsuite hostname="LAPTOP-RORK2UUF" failures="1" tests="25" name="testcases.InventoryPageTest" time="185.013" errors="0" timestamp="2024-08-23T00:09:53 IST" skipped="1">
  <testcase classname="testcases.InventoryPageTest" name="verifyFooterText" time="6.683"/>
  <system-out/>
  <testcase classname="testcases.InventoryPageTest" name="verifyResetAppStateTest" time="8.642">
    <failure message="Testcase failed as remove button is still displayed expected [true] but found [false]" type="java.lang.AssertionError">
      <![CDATA[java.lang.AssertionError: Testcase failed as remove button is still displayed expected [true] but found [false]
at org.testng.Assert.fail(Assert.java:110)
at org.testng.Assert.failNotEquals(Assert.java:1577)
at org.testng.Assert.assertEqualsImpl(Assert.java:149)
at org.testng.Assert.assertEquals(Assert.java:131)
at org.testng.Assert.assertEquals(Assert.java:1066)
at org.testng.Assert.assertEquals(Assert.java:1054)
at testcases.InventoryPageTest.verifyResetAppStateTest(InventoryPageTest.java:191)
at java.base/jdk.internal.reflect.NativeMethodAccessorImpl.invoke0(Native Method)
at java.base/jdk.internal.reflect.NativeMethodAccessorImpl.invoke(NativeMethodAccessorImpl.java:77)
at java.base/jdk.internal.reflect.DelegatingMethodAccessorImpl.invoke(DelegatingMethodAccessorImpl.java:43)
at java.base/java.lang.reflect.Method.invoke(Method.java:568)
at org.testng.internal.invokers.MethodInvocationHelper.invokeMethod(MethodInvocationHelper.java:139)
at org.testng.internal.invokers.TestInvoker.invokeMethod(TestInvoker.java:677)
at org.testng.internal.invokers.TestInvoker.invokeTestMethod(TestInvoker.java:221)
at org.testng.internal.invokers.MethodRunner.runInSequence(MethodRunner.java:50)
at org.testng.internal.invokers.TestInvoker$MethodInvocationAgent.invoke(TestInvoker.java:969)
at org.testng.internal.invokers.TestInvoker.invokeTestMethods(TestInvoker.java:194)
at org.testng.internal.invokers.TestMethodWorker.invokeTestMethods(TestMethodWorker.java:148)
at org.testng.internal.invokers.TestMethodWorker.run(TestMethodWorker.java:128)
at java.base/java.util.ArrayList.forEach(ArrayList.java:1511)
at org.testng.TestRunner.privateRun(TestRunner.java:829)
at org.testng.TestRunner.run(TestRunner.java:602)
at org.testng.SuiteRunner.runTest(SuiteRunner.java:437)
at org.testng.SuiteRunner.runSequentially(SuiteRunner.java:431)
at org.testng.SuiteRunner.privateRun(SuiteRunner.java:391)
at org.testng.SuiteRunner.run(SuiteRunner.java:330)
at org.testng.SuiteRunnerWorker.runSuite(SuiteRunnerWorker.java:52)
at org.testng.SuiteRunnerWorker.run(SuiteRunnerWorker.java:95)
at org.testng.TestNG.runSuitesSequentially(TestNG.java:1256)
at org.testng.TestNG.runSuitesLocally(TestNG.java:1176)
at org.testng.TestNG.runSuites(TestNG.java:1099)
at org.testng.TestNG.run(TestNG.java:1067)
at org.testng.remote.AbstractRemoteTestNG.run(AbstractRemoteTestNG.java:115)
at org.testng.remote.RemoteTestNG.initAndRun(RemoteTestNG.java:251)
at org.testng.remote.RemoteTestNG.main(RemoteTestNG.java:77)
]]>
    </failure>
  </testcase> <!-- verifyResetAppStateTest -->
  <system-out/>
  <testcase classname="testcases.InventoryPageTest" name="verifylogoutLinkTest" time="7.847"/>
  <system-out/>
  <testcase classname="testcases.InventoryPageTest" name="verifyAboutMenuLinkTest" time="12.560"/>
  <system-out/>
  <testcase classname="testcases.InventoryPageTest" name="verifyDropdownTest" time="12.092"/>
  <system-out/>
  <testcase classname="testcases.InventoryPageTest" name="verifyBikeLightThumbnailImgTest" time="7.160"/>
  <system-out/>
  <testcase classname="testcases.InventoryPageTest" name="verifyFleeceJacketTextTest" time="6.303"/>
  <system-out/>
  <testcase classname="testcases.InventoryPageTest" name="verifyTwitterLogoTest" time="7.374"/>
  <system-out/>
  <testcase classname="testcases.InventoryPageTest" name="verifyBackPackThumbnailImgTest" time="6.679"/>
  <system-out/>
  <testcase classname="testcases.InventoryPageTest" name="verifyBikeLightLinkTest" time="7.497"/>
  <system-out/>
  <testcase classname="testcases.InventoryPageTest" name="verifyFleeceJacketPriceTest" time="6.557"/>
  <system-out/>
  <testcase classname="testcases.InventoryPageTest" name="verifyBikeLightPriceTest" time="7.148"/>
  <system-out/>
  <testcase classname="testcases.InventoryPageTest" name="verifyFleeceJacketTest" time="9.889"/>
  <system-out/>
  <testcase classname="testcases.InventoryPageTest" name="verifyBoltTshirtThumbnailImgTest" time="7.496"/>
  <system-out/>
  <testcase classname="testcases.InventoryPageTest" name="verifyFleeceJacketThumbnailImgTest" time="6.649"/>
  <system-out/>
  <testcase classname="testcases.InventoryPageTest" name="verifyBikeLightTextTest" time="6.738"/>
  <system-out/>
  <testcase classname="testcases.InventoryPageTest" name="verifyBackPackPriceTest" time="6.830"/>
  <system-out/>
  <testcase classname="testcases.InventoryPageTest" name="verifyFacebookLogoTest" time="6.760"/>
  <system-out/>
  <testcase classname="testcases.InventoryPageTest" name="verifyBoltTshirtTextTest" time="7.201"/>
  <system-out/>
  <testcase classname="testcases.InventoryPageTest" name="verifyLinkedInLogoTest" time="6.924"/>
  <system-out/>
  <testcase classname="testcases.InventoryPageTest" name="verifyBoltTshirtLinkTest" time="8.243"/>
  <system-out/>
  <testcase classname="testcases.InventoryPageTest" name="verifyBoltTshirtPriceTest" time="8.546"/>
  <system-out/>
  <testcase classname="testcases.InventoryPageTest" name="verifyBackpackLinkTest" time="6.657"/>
  <system-out/>
  <testcase classname="testcases.InventoryPageTest" name="verifyBackPackTextTest" time="6.538"/>
  <system-out/>
  <testcase classname="testcases.InventoryPageTest" name="verifyMouseMovementTest">
    <skipped/>
  </testcase> <!-- verifyMouseMovementTest -->
  <system-out/>
</testsuite> <!-- testcases.InventoryPageTest -->
