<?xml version="1.0" encoding="UTF-8"?>
<!-- Generated by org.testng.reporters.JUnitReportReporter -->
<testsuite hostname="LAPTOP-RORK2UUF" failures="0" tests="5" name="testcases.LoginPageTest" time="55.093" errors="0" timestamp="2024-12-18T23:05:20 IST" skipped="2">
  <testcase classname="testcases.LoginPageTest" name="verifyTitleTest" time="16.848"/>
  <system-out/>
  <testcase classname="testcases.LoginPageTest" name="verifyUrlTest" time="16.250"/>
  <system-out/>
  <testcase classname="testcases.LoginPageTest" name="verifyLoginToApplicationTest" time="21.995"/>
  <system-out/>
  <testcase classname="testcases.LoginPageTest" name="verifyLoginMultiCredsTestExcel">
    <skipped/>
  </testcase> <!-- verifyLoginMultiCredsTestExcel -->
  <system-out/>
  <testcase classname="testcases.LoginPageTest" name="verifyLoginMultiCredsTest">
    <skipped/>
  </testcase> <!-- verifyLoginMultiCredsTest -->
  <system-out/>
</testsuite> <!-- testcases.LoginPageTest -->
